<?xml version="1.0" encoding="UTF-8"?>
<!-- Generated by org.testng.reporters.JUnitReportReporter -->
<testsuite hostname="LAPTOP-5H2K9VJP" failures="0" tests="1" name="testScripts.CreateEventTest" time="26.821" errors="0" timestamp="2024-03-15T19:21:26 IST" skipped="0">
  <testcase classname="testScripts.CreateEventTest" name="CreateEventTest" time="26.821"/>
  <system-out/>
</testsuite> <!-- testScripts.CreateEventTest -->
