<?xml version="1.0" encoding="UTF-8"?>
<!-- Generated by org.testng.reporters.JUnitReportReporter -->
<testsuite hostname="LAPTOP-5H2K9VJP" failures="0" tests="1" name="testScripts.CreateLeadTest" time="29.161" errors="0" timestamp="2024-03-08T23:57:23 IST" skipped="0">
  <testcase classname="testScripts.CreateLeadTest" name="CreateLeadTest" time="29.161"/>
  <system-out/>
</testsuite> <!-- testScripts.CreateLeadTest -->
