<?xml version="1.0" encoding="UTF-8"?>
<!-- Generated by org.testng.reporters.JUnitReportReporter -->
<testsuite hostname="LAPTOP-5H2K9VJP" failures="0" tests="1" name="testScripts.CreateNewOrgWithTypeAnsIndustryTest" time="24.418" errors="0" timestamp="2024-03-07T20:38:15 IST" skipped="0">
  <testcase classname="testScripts.CreateNewOrgWithTypeAnsIndustryTest" name="createNewOrgWithTypeAndIndustryTest" time="24.418"/>
  <system-out/>
</testsuite> <!-- testScripts.CreateNewOrgWithTypeAnsIndustryTest -->
