<?xml version="1.0" encoding="UTF-8"?>
<!-- Generated by org.testng.reporters.JUnitReportReporter -->
<testsuite hostname="LAPTOP-5H2K9VJP" failures="0" tests="1" name="testScripts.CreateOrgTest" time="22.428" errors="0" timestamp="2024-03-07T20:35:04 IST" skipped="0">
  <testcase classname="testScripts.CreateOrgTest" name="createOrgTest" time="22.428"/>
  <system-out/>
</testsuite> <!-- testScripts.CreateOrgTest -->
