<?xml version="1.0" encoding="UTF-8"?>
<!-- Generated by org.testng.reporters.JUnitReportReporter -->
<testsuite hostname="LAPTOP-5H2K9VJP" failures="0" tests="1" name="testScripts.CreateContactWithExistingOrgTest" time="38.101" errors="0" timestamp="2024-03-10T22:29:22 IST" skipped="0">
  <testcase classname="testScripts.CreateContactWithExistingOrgTest" name="createContactWithOrgTest" time="38.101"/>
  <system-out/>
</testsuite> <!-- testScripts.CreateContactWithExistingOrgTest -->
