<?xml version="1.0" encoding="UTF-8"?>
<!-- Generated by org.testng.reporters.JUnitReportReporter -->
<testsuite hostname="LAPTOP-5H2K9VJP" failures="0" tests="1" name="mvnPractice.GetSystemPropertiesTest" time="15.211" errors="0" timestamp="2024-03-15T13:23:24 IST" skipped="0">
  <testcase classname="mvnPractice.GetSystemPropertiesTest" name="demo" time="15.211"/>
  <system-out/>
</testsuite> <!-- mvnPractice.GetSystemPropertiesTest -->
