<?xml version="1.0" encoding="UTF-8"?>
<!-- Generated by org.testng.reporters.JUnitReportReporter -->
<testsuite hostname="LAPTOP-5H2K9VJP" failures="0" tests="1" name="testScripts.CreateAndDeleteLeadTest" time="32.184" errors="0" timestamp="2024-03-10T14:04:14 IST" skipped="0">
  <testcase classname="testScripts.CreateAndDeleteLeadTest" name="CreateLeadTest" time="32.184"/>
  <system-out/>
</testsuite> <!-- testScripts.CreateAndDeleteLeadTest -->
